<?xml version="1.0" encoding="UTF-8"?>
<testng-results skipped="0" failed="0" ignored="0" total="4" passed="4">
  <reporter-output>
  </reporter-output>
  <suite name="Jenkins Demo" duration-ms="78426" started-at="2019-01-01T06:08:08Z" finished-at="2019-01-01T06:09:27Z">
    <groups>
    </groups>
    <test name="Test CNN" duration-ms="52550" started-at="2019-01-01T06:08:08Z" finished-at="2019-01-01T06:09:01Z">
      <class name="com.realmadrid.com.test.CNNTest">
        <test-method status="PASS" signature="cnnTest()[pri:0, instance:com.realmadrid.com.test.CNNTest@3f2a3a5]" name="cnnTest" duration-ms="38426" started-at="2019-01-01T11:38:08Z" finished-at="2019-01-01T11:38:47Z">
          <reporter-output>
          </reporter-output>
        </test-method> <!-- cnnTest -->
        <test-method status="PASS" signature="fbTest()[pri:0, instance:com.realmadrid.com.test.CNNTest@3f2a3a5]" name="fbTest" duration-ms="14100" started-at="2019-01-01T11:38:47Z" finished-at="2019-01-01T11:39:01Z">
          <reporter-output>
          </reporter-output>
        </test-method> <!-- fbTest -->
      </class> <!-- com.realmadrid.com.test.CNNTest -->
    </test> <!-- Test CNN -->
    <test name="Test Demo" duration-ms="25844" started-at="2019-01-01T06:09:01Z" finished-at="2019-01-01T06:09:27Z">
      <class name="com.realmadrid.com.test.DemoTest">
        <test-method status="PASS" signature="gmailTest()[pri:0, instance:com.realmadrid.com.test.DemoTest@35fb3008]" name="gmailTest" duration-ms="12781" started-at="2019-01-01T11:39:01Z" finished-at="2019-01-01T11:39:14Z">
          <reporter-output>
          </reporter-output>
        </test-method> <!-- gmailTest -->
        <test-method status="PASS" signature="googleTest()[pri:0, instance:com.realmadrid.com.test.DemoTest@35fb3008]" name="googleTest" duration-ms="13059" started-at="2019-01-01T11:39:14Z" finished-at="2019-01-01T11:39:27Z">
          <reporter-output>
          </reporter-output>
        </test-method> <!-- googleTest -->
      </class> <!-- com.realmadrid.com.test.DemoTest -->
    </test> <!-- Test Demo -->
  </suite> <!-- Jenkins Demo -->
</testng-results>
