<?xml version="1.0" encoding="UTF-8" ?>
<testsuite tests="4" failures="0" name="TestSuite" time="78.362" errors="0" skipped="0">
  <properties>
[...]
</properties>
  <testcase classname="com.realmadrid.com.test.CNNTest" name="cnnTest" time="38.43"/>
  <testcase classname="com.realmadrid.com.test.CNNTest" name="fbTest" time="14.088"/>
  <testcase classname="com.realmadrid.com.test.DemoTest" name="gmailTest" time="12.785"/>
  <testcase classname="com.realmadrid.com.test.DemoTest" name="googleTest" time="13.059"/>
</testsuite>