<?xml version="1.0" encoding="UTF-8"?>
<testng-results skipped="0" failed="0" ignored="0" total="4" passed="4">
  <reporter-output>
  </reporter-output>
  <suite name="Jenkins Demo B" duration-ms="61739" started-at="2019-01-01T05:57:05Z" finished-at="2019-01-01T05:58:06Z">
    <groups>
    </groups>
    <test name="Test CNN" duration-ms="38410" started-at="2019-01-01T05:57:05Z" finished-at="2019-01-01T05:57:43Z">
      <class name="com.realmadrid.com.test.CNNTest">
        <test-method status="PASS" signature="cnnTest()[pri:0, instance:com.realmadrid.com.test.CNNTest@3abbfa04]" name="cnnTest" duration-ms="23466" started-at="2019-01-01T05:57:05Z" finished-at="2019-01-01T05:57:28Z">
          <reporter-output>
          </reporter-output>
        </test-method> <!-- cnnTest -->
        <test-method status="PASS" signature="fbTest()[pri:0, instance:com.realmadrid.com.test.CNNTest@3abbfa04]" name="fbTest" duration-ms="14910" started-at="2019-01-01T05:57:28Z" finished-at="2019-01-01T05:57:43Z">
          <reporter-output>
          </reporter-output>
        </test-method> <!-- fbTest -->
      </class> <!-- com.realmadrid.com.test.CNNTest -->
    </test> <!-- Test CNN -->
    <test name="Test Demo" duration-ms="23305" started-at="2019-01-01T05:57:43Z" finished-at="2019-01-01T05:58:06Z">
      <class name="com.realmadrid.com.test.DemoTest">
        <test-method status="PASS" signature="gmailTest()[pri:0, instance:com.realmadrid.com.test.DemoTest@69ea3742]" name="gmailTest" duration-ms="12033" started-at="2019-01-01T05:57:43Z" finished-at="2019-01-01T05:57:55Z">
          <reporter-output>
          </reporter-output>
        </test-method> <!-- gmailTest -->
        <test-method status="PASS" signature="googleTest()[pri:0, instance:com.realmadrid.com.test.DemoTest@69ea3742]" name="googleTest" duration-ms="11269" started-at="2019-01-01T05:57:55Z" finished-at="2019-01-01T05:58:06Z">
          <reporter-output>
          </reporter-output>
        </test-method> <!-- googleTest -->
      </class> <!-- com.realmadrid.com.test.DemoTest -->
    </test> <!-- Test Demo -->
  </suite> <!-- Jenkins Demo B -->
</testng-results>
